<?xml version="1.0" encoding="UTF-8"?>
<testsuite xmlns:xsi="http://www.w3.org/2001/XMLSchema-instance" xsi:noNamespaceSchemaLocation="https://maven.apache.org/surefire/maven-surefire-plugin/xsd/surefire-test-report-3.0.xsd" version="3.0" name="TestSuite" time="284.266" tests="9" errors="0" skipped="0" failures="0">
  <properties>
[...]
</properties>
  <testcase name="TC1_Given_LandedOnHomePage_When_BrandIsSearched_Then_NumberOfItemsMustBeMoreThanZero" classname="tests.GlobalSearchTests" time="8.248">
    <system-out><![CDATA[Test execution started : Takealot
Test passed TC1_Given_LandedOnHomePage_When_BrandIsSearched_Then_NumberOfItemsMustBeMoreThanZero
]]></system-out>
    <system-err><![CDATA[Starting MSEdgeDriver 95.0.1020.40 (1f61f1c45c1e4229af88888771afd46a90ce2e88) on port 16147
Only local connections are allowed.
Please see https://chromedriver.chromium.org/security-considerations for suggestions on keeping MSEdgeDriver safe.
MSEdgeDriver was started successfully.
[1640037543.725][WARNING]: This version of MSEdgeDriver has not been tested with MSEdge version 96.
Dec 20, 2021 11:59:03 PM org.openqa.selenium.remote.ProtocolHandshake createSession
INFO: Detected dialect: W3C
]]></system-err>
  </testcase>
  <testcase name="TC2_Given_BrandIsSearched_And_FirstItemSelected_When_ItemIsAddedToCart_Then_AddedToCartIsDisplayed" classname="tests.GlobalSearchTests" time="15.414">
    <system-out><![CDATA[Test passed TC2_Given_BrandIsSearched_And_FirstItemSelected_When_ItemIsAddedToCart_Then_AddedToCartIsDisplayed
]]></system-out>
  </testcase>
  <testcase name="TC3_Given_ItemsAddedToCart_When_AddingUpTotalPricePerBrand_Then_CorrectCartValueIsDisplayed[Fervour, 2](1)" classname="tests.GlobalSearchTests" time="19.572">
    <system-out><![CDATA[Test passed TC3_Given_ItemsAddedToCart_When_AddingUpTotalPricePerBrand_Then_CorrectCartValueIsDisplayed
]]></system-out>
  </testcase>
  <testcase name="TC3_Given_ItemsAddedToCart_When_AddingUpTotalPricePerBrand_Then_CorrectCartValueIsDisplayed[LG, 7](2)" classname="tests.GlobalSearchTests" time="22.268">
    <system-out><![CDATA[Test passed TC3_Given_ItemsAddedToCart_When_AddingUpTotalPricePerBrand_Then_CorrectCartValueIsDisplayed
]]></system-out>
  </testcase>
  <testcase name="TC3_Given_ItemsAddedToCart_When_AddingUpTotalPricePerBrand_Then_CorrectCartValueIsDisplayed[GoPro, 5](3)" classname="tests.GlobalSearchTests" time="21.166">
    <system-out><![CDATA[Test passed TC3_Given_ItemsAddedToCart_When_AddingUpTotalPricePerBrand_Then_CorrectCartValueIsDisplayed
]]></system-out>
  </testcase>
  <testcase name="TC3_Given_ItemsAddedToCart_When_AddingUpTotalPricePerBrand_Then_CorrectCartValueIsDisplayed[Aloma, 9](4)" classname="tests.GlobalSearchTests" time="19.722">
    <system-out><![CDATA[Test passed TC3_Given_ItemsAddedToCart_When_AddingUpTotalPricePerBrand_Then_CorrectCartValueIsDisplayed
]]></system-out>
  </testcase>
  <testcase name="TC3_Given_ItemsAddedToCart_When_AddingUpTotalPricePerBrand_Then_CorrectCartValueIsDisplayed[Samsung, 3](5)" classname="tests.GlobalSearchTests" time="20.478">
    <system-out><![CDATA[Test passed TC3_Given_ItemsAddedToCart_When_AddingUpTotalPricePerBrand_Then_CorrectCartValueIsDisplayed
]]></system-out>
  </testcase>
  <testcase name="TC4_Given_AlertToQualifyForFreeDeliveryDisplayed_When_MoreItemsAddedToQualify_Then_AlertDisappears[Tea, Coffee, Cremora &amp; Weetbix Combo, 1](1)" classname="tests.FreeDeliveryAlertTests" time="17.567">
    <system-out><![CDATA[Test passed TC4_Given_AlertToQualifyForFreeDeliveryDisplayed_When_MoreItemsAddedToQualify_Then_AlertDisappears
]]></system-out>
  </testcase>
  <testcase name="TC4_Given_AlertToQualifyForFreeDeliveryDisplayed_When_MoreItemsAddedToQualify_Then_AlertDisappears[Ceres Mango Fruit Juice ( 24 x 200ml), 1](2)" classname="tests.FreeDeliveryAlertTests" time="105.419">
    <system-out><![CDATA[Test passed TC4_Given_AlertToQualifyForFreeDeliveryDisplayed_When_MoreItemsAddedToQualify_Then_AlertDisappears
]]></system-out>
  </testcase>
</testsuite>