<?xml version="1.0" encoding="UTF-8"?>
<!-- Generated by org.testng.reporters.JUnitXMLReporter -->
<testsuite ignored="0" hostname="DESKTOP-5AEUS9Q" failures="0" tests="2" name="Default test" time="111.072" errors="0" timestamp="2021-12-23T14:51:07 SAST">
  <testcase classname="tests.FreeDeliveryAlertTests" name="TC4_Given_AlertToQualifyForFreeDeliveryDisplayed_When_MoreItemsAddedToQualify_Then_AlertDisappears" time="10.312"/>
  <testcase classname="tests.FreeDeliveryAlertTests" name="TC4_Given_AlertToQualifyForFreeDeliveryDisplayed_When_MoreItemsAddedToQualify_Then_AlertDisappears" time="100.028"/>
</testsuite> <!-- Default test -->
