<?xml version="1.0" encoding="UTF-8"?>
<!-- Generated by org.testng.reporters.JUnitXMLReporter -->
<testsuite ignored="0" hostname="DESKTOP-5AEUS9Q" failures="0" tests="6" name="Test" time="111.152" errors="0" timestamp="2021-12-11T21:57:02 SAST">
  <testcase classname="tests.SearchTests" name="TC1_Given_LandedOnHomePage_When_BrandIsSearched_Then_NumberOfItemsMustBeMoreThanZero" time="14.879"/>
  <testcase classname="tests.SearchTests" name="TC3_Given_ItemsAddedToCart_When_AddingUpTotalPricePerBrand_Then_CorrectCartValueIsDisplayed" time="19.61"/>
  <testcase classname="tests.SearchTests" name="TC3_Given_ItemsAddedToCart_When_AddingUpTotalPricePerBrand_Then_CorrectCartValueIsDisplayed" time="19.076"/>
  <testcase classname="tests.SearchTests" name="TC3_Given_ItemsAddedToCart_When_AddingUpTotalPricePerBrand_Then_CorrectCartValueIsDisplayed" time="20.092"/>
  <testcase classname="tests.SearchTests" name="TC3_Given_ItemsAddedToCart_When_AddingUpTotalPricePerBrand_Then_CorrectCartValueIsDisplayed" time="18.395"/>
  <testcase classname="tests.SearchTests" name="TC3_Given_ItemsAddedToCart_When_AddingUpTotalPricePerBrand_Then_CorrectCartValueIsDisplayed" time="17.509"/>
</testsuite> <!-- Test -->
