<?xml version="1.0" encoding="UTF-8"?>
<!-- Generated by org.testng.reporters.JUnitXMLReporter -->
<testsuite ignored="0" hostname="DESKTOP-5AEUS9Q" failures="0" tests="9" name="Takealot" time="271.043" errors="0" timestamp="2021-12-21T00:03:40 SAST">
  <testcase classname="tests.GlobalSearchTests" name="TC1_Given_LandedOnHomePage_When_BrandIsSearched_Then_NumberOfItemsMustBeMoreThanZero" time="7.727"/>
  <testcase classname="tests.GlobalSearchTests" name="TC2_Given_BrandIsSearched_And_FirstItemSelected_When_ItemIsAddedToCart_Then_AddedToCartIsDisplayed" time="15.152"/>
  <testcase classname="tests.GlobalSearchTests" name="TC3_Given_ItemsAddedToCart_When_AddingUpTotalPricePerBrand_Then_CorrectCartValueIsDisplayed" time="19.378"/>
  <testcase classname="tests.GlobalSearchTests" name="TC3_Given_ItemsAddedToCart_When_AddingUpTotalPricePerBrand_Then_CorrectCartValueIsDisplayed" time="22.046"/>
  <testcase classname="tests.GlobalSearchTests" name="TC3_Given_ItemsAddedToCart_When_AddingUpTotalPricePerBrand_Then_CorrectCartValueIsDisplayed" time="20.97"/>
  <testcase classname="tests.GlobalSearchTests" name="TC3_Given_ItemsAddedToCart_When_AddingUpTotalPricePerBrand_Then_CorrectCartValueIsDisplayed" time="19.527"/>
  <testcase classname="tests.GlobalSearchTests" name="TC3_Given_ItemsAddedToCart_When_AddingUpTotalPricePerBrand_Then_CorrectCartValueIsDisplayed" time="20.257"/>
  <testcase classname="tests.FreeDeliveryAlertTests" name="TC4_Given_AlertToQualifyForFreeDeliveryDisplayed_When_MoreItemsAddedToQualify_Then_AlertDisappears" time="17.326"/>
  <testcase classname="tests.FreeDeliveryAlertTests" name="TC4_Given_AlertToQualifyForFreeDeliveryDisplayed_When_MoreItemsAddedToQualify_Then_AlertDisappears" time="105.211"/>
</testsuite> <!-- Takealot -->
