<?xml version="1.0" encoding="UTF-8"?>
<!-- Generated by org.testng.reporters.JUnitXMLReporter -->
<testsuite ignored="0" hostname="DESKTOP-5AEUS9Q" failures="1" tests="2" name="Listeners Test" time="0.089" errors="0" timestamp="2021-11-07T22:19:47 SAST">
  <testcase classname="tests.TestListenersInClass" name="TC01" time="0.012"/>
  <testcase classname="tests.TestListenersInClass" name="TC02" time="0.01">
    <failure type="java.lang.AssertionError" message="expected [true] but found [false]">
      <![CDATA[java.lang.AssertionError: expected [true] but found [false]
at tests.TestListenersInClass.TC02(TestListenersInClass.java:19)
at java.base/java.util.ArrayList.forEach(ArrayList.java:1511)
... Removed 31 stack frames]]>
    </failure>
  </testcase> <!-- TC02 -->
</testsuite> <!-- Listeners Test -->
